==00:00:00:00.000 22551== Memcheck, a memory error detector
==00:00:00:00.000 22551== Copyright (C) 2002-2012, and GNU GPL'd, by Julian Seward et al.
==00:00:00:00.000 22551== Using Valgrind-3.8.1 and LibVEX; rerun with -h for copyright info
==00:00:00:00.000 22551== Command: ./tp
==00:00:00:00.000 22551== Parent PID: 22550
==00:00:00:00.000 22551== 
==00:00:00:00.553 22551== 
==00:00:00:00.553 22551== FILE DESCRIPTORS: 4 open at exit.
==00:00:00:00.553 22551== Open file descriptor 3: /run/media/federicorossi/Archivos/Federico/UBA/Carrera de grado/Materias/75.42 Taller de Programacion I/Trabajos practicos/02/Codigo/valgrind.out
==00:00:00:00.553 22551==    <inherited from parent>
==00:00:00:00.554 22551== 
==00:00:00:00.554 22551== Open file descriptor 2: /dev/pts/0
==00:00:00:00.554 22551==    <inherited from parent>
==00:00:00:00.554 22551== 
==00:00:00:00.554 22551== Open file descriptor 1: /dev/pts/0
==00:00:00:00.554 22551==    <inherited from parent>
==00:00:00:00.554 22551== 
==00:00:00:00.554 22551== Open file descriptor 0: /dev/pts/0
==00:00:00:00.554 22551==    <inherited from parent>
==00:00:00:00.554 22551== 
==00:00:00:00.554 22551== 
==00:00:00:00.555 22551== HEAP SUMMARY:
==00:00:00:00.555 22551==     in use at exit: 0 bytes in 0 blocks
==00:00:00:00.555 22551==   total heap usage: 19 allocs, 19 frees, 172 bytes allocated
==00:00:00:00.555 22551== 
==00:00:00:00.555 22551== All heap blocks were freed -- no leaks are possible
==00:00:00:00.555 22551== 
==00:00:00:00.555 22551== For counts of detected and suppressed errors, rerun with: -v
==00:00:00:00.555 22551== ERROR SUMMARY: 0 errors from 0 contexts (suppressed: 0 from 0)
